
210126_065325

LOG
log/210126_065325 true

DIR
/home/mac/my/prj_new/auto/las2geotiff/dat_test/01 DSM LAS TO GEOTIFF/03_FT115 - Jln Kuala Teriang_Pantai Tengah/DSM las

MERGE_PROJECT_LAS
pdal pipeline --stream "/home/mac/my/prj_new/auto/las2geotiff/dat_test/01 DSM LAS TO GEOTIFF/03_FT115 - Jln Kuala Teriang_Pantai Tengah/pipe_merge_proj.json"
2
err
duration = 4s
size = ~1.01Gb

CONVERT_LAS_TO_GEOTIFF
pdal pipeline --stream "/home/mac/my/prj_new/auto/las2geotiff/dat_test/01 DSM LAS TO GEOTIFF/03_FT115 - Jln Kuala Teriang_Pantai Tengah/pipe_convert.json"
256
err
duration = 0s

FIX_TIF
gdal_fillnodata.py "/home/mac/my/prj_new/auto/las2geotiff/dat_test/01 DSM LAS TO GEOTIFF/03_FT115 - Jln Kuala Teriang_Pantai Tengah/output.tif" "/home/mac/my/prj_new/auto/las2geotiff/dat_test/01 DSM LAS TO GEOTIFF/03_FT115 - Jln Kuala Teriang_Pantai Tengah/output_fixed.tif"
256
err
duration = 0s

[2, 256, 256]
overall = err
______________________________

